help
hello
fafe
safe
end
theme
2
sunset
theme
brose
browse
theme 2
theme set sunset
help
help help
safe exit
clear
theme
theme set claic
clear
help
ip
ls
bc
..
..
cdt
bc
tasks
tasks
create
safe off
safe on
safe off
safe on
safe off
safe on
ls
version
tasks
ls
..
bc
cdt
tree
bc
d:/
help
c
d
bc
d
d:\>
help
open
open d:/adhm
browse
bc
open d
cdt
D:\adhm\code\commender
help
open D:\adhm\code\commender
cdt
cd D:\adhm\code\commender
help
tree
cdt
search d
bc
open D:\adhm\code\commender
tasks
tasks
tasks
tasks
tasks browse
cd D:\adhm\code\commender
cd d:/
d
d:
bc
D:
d
cd adhm
help
bc
adhm
code
commender
firist.dpa
open firist.dpa
firist.dpa
open firist.dpa
run firist.dpa
dpa firist.dpa
bc
adhm
commender
commnder
ls
code
commnder
commender
firist.dpa
bc
ode\commender
bc
D:\adhm\code\commender
ls
sample_locked.dpa
bc
D:\adhm\code\commender
firist.dpa
bc
help
ls
D:\adhm\code\commender
dpa firist.dpa
bc
D:\adhm\code\commender
dpa firist.dpa
dpa firist.dpa
dpa firist.dpa
help
encrypt firist.dpa 123
dpa firist.dpa
safe
theme
clear
bc
help
ip
hello
safe
debug
help
debug
help
apps\n
app
apps
gelp
help
apps
5
apps
exit
D:\adhm\code\commender
bc
D:\adhm\code\commender
firist.dpa
help
decrypt firist.dpa 123
encrypt firist.dpa 123
dpa firist.dpa
help
web
m
bc
D:\adhm\code\commender
help
decrypt firist.dpa 123
encrypt firist.dpa 123
dpa firist.dpa
D:\adhm\code\commender
dpa firist.dpa
exit
bc
D:\adhm\code\commender
dpa firist.dpa
firist.dpa
dpa firist.dpa
help
bc
D:\adhm\code\commender
dpa firist.dpa
bc
D:\adhm\code\commender
firist.dpa
bc
D:\adhm\code\commender
firist.dpa
dpa firist.dpa
help
hello
bc
help
new
hepl
help
translate
help
